<?xml version="1.0" encoding="UTF-8"?>
<testng-results skipped="0" failed="0" total="1" passed="1">
  <reporter-output>
  </reporter-output>
  <suite name="Default suite" duration-ms="98974" started-at="2017-03-28T18:54:09Z" finished-at="2017-03-28T18:55:48Z">
    <groups>
    </groups>
    <test name="Default test" duration-ms="98974" started-at="2017-03-28T18:54:09Z" finished-at="2017-03-28T18:55:48Z">
      <class name="com.esave.mail.NewTest">
        <test-method status="PASS" signature="f()[pri:0, instance:com.esave.mail.NewTest@4b9e13df]" name="f" duration-ms="98953" started-at="2017-03-29T00:24:09Z" finished-at="2017-03-29T00:25:48Z">
          <reporter-output>
          </reporter-output>
        </test-method> <!-- f -->
      </class> <!-- com.esave.mail.NewTest -->
    </test> <!-- Default test -->
  </suite> <!-- Default suite -->
</testng-results>
